<?xml version="1.0" encoding="UTF-8"?>
<!-- Generated by org.testng.reporters.JUnitXMLReporter -->
<testsuite ignored="5" hostname="hp" failures="0" tests="4" name="Test" time="0.059" errors="0" timestamp="2023-05-19T10:57:58 IST">
  <testcase classname="groupExecution.Test3" name="tc2" time="0.007"/>
  <testcase classname="groupExecution.Test1" name="tc1" time="0.004"/>
  <testcase classname="groupExecution.Test1" name="tc2" time="0.002"/>
  <testcase classname="groupExecution.Test2" name="tc1" time="0.003"/>
  <testcase classname="groupExecution.Test3" name="tc1" time="0.0">
    <ignored/>
  </testcase> <!-- tc1 -->
  <testcase classname="groupExecution.Test1" name="tc3" time="0.0">
    <ignored/>
  </testcase> <!-- tc3 -->
  <testcase classname="groupExecution.Test2" name="tc3" time="0.0">
    <ignored/>
  </testcase> <!-- tc3 -->
  <testcase classname="groupExecution.Test3" name="tc3" time="0.0">
    <ignored/>
  </testcase> <!-- tc3 -->
  <testcase classname="groupExecution.Test2" name="tc2" time="0.0">
    <ignored/>
  </testcase> <!-- tc2 -->
</testsuite> <!-- Test -->
