<?xml version="1.0" encoding="UTF-8"?>
<!-- Generated by org.testng.reporters.JUnitXMLReporter -->
<testsuite ignored="6" hostname="hp" failures="0" tests="3" name="Test(failed)" time="0.051" errors="0" timestamp="2023-03-27T15:44:06 IST">
  <testcase classname="batchexecution2.Test2" name="tc1" time="0.008"/>
  <testcase classname="batchexecution2.Test1" name="tc2" time="0.001"/>
  <testcase classname="batchexecution2.Test3" name="tc3" time="0.001"/>
  <testcase classname="batchexecution2.Test1" name="tc1" time="0.0">
    <ignored/>
  </testcase> <!-- tc1 -->
  <testcase classname="batchexecution2.Test2" name="tc2" time="0.0">
    <ignored/>
  </testcase> <!-- tc2 -->
  <testcase classname="batchexecution2.Test3" name="tc1" time="0.0">
    <ignored/>
  </testcase> <!-- tc1 -->
  <testcase classname="batchexecution2.Test3" name="tc2" time="0.0">
    <ignored/>
  </testcase> <!-- tc2 -->
  <testcase classname="batchexecution2.Test1" name="tc3" time="0.0">
    <ignored/>
  </testcase> <!-- tc3 -->
  <testcase classname="batchexecution2.Test2" name="tc3" time="0.0">
    <ignored/>
  </testcase> <!-- tc3 -->
</testsuite> <!-- Test(failed) -->
