<?xml version="1.0" encoding="UTF-8"?>
<testng-results ignored="5" total="9" passed="4" failed="0" skipped="0">
  <reporter-output>
  </reporter-output>
  <suite started-at="2023-05-19T10:57:58 IST" name="Suite" finished-at="2023-05-19T10:57:58 IST" duration-ms="59">
    <groups>
      <group name="smoke">
        <method signature="Test1.tc1()[pri:0, instance:groupExecution.Test1@41fecb8b]" name="tc1" class="groupExecution.Test1"/>
        <method signature="Test2.tc1()[pri:0, instance:groupExecution.Test2@51dcb805]" name="tc1" class="groupExecution.Test2"/>
        <method signature="Test3.tc2()[pri:0, instance:groupExecution.Test3@65f095f8]" name="tc2" class="groupExecution.Test3"/>
      </group> <!-- smoke -->
      <group name="sanity">
        <method signature="Test1.tc2()[pri:0, instance:groupExecution.Test1@41fecb8b]" name="tc2" class="groupExecution.Test1"/>
        <method signature="Test2.tc1()[pri:0, instance:groupExecution.Test2@51dcb805]" name="tc1" class="groupExecution.Test2"/>
        <method signature="Test3.tc2()[pri:0, instance:groupExecution.Test3@65f095f8]" name="tc2" class="groupExecution.Test3"/>
      </group> <!-- sanity -->
    </groups>
    <test started-at="2023-05-19T10:57:58 IST" name="Test" finished-at="2023-05-19T10:57:58 IST" duration-ms="59">
      <class name="groupExecution.Test3">
        <test-method signature="tc2()[pri:0, instance:groupExecution.Test3@65f095f8]" started-at="2023-05-19T10:57:58 IST" name="tc2" finished-at="2023-05-19T10:57:58 IST" duration-ms="7" status="PASS">
          <reporter-output>
          </reporter-output>
        </test-method> <!-- tc2 -->
      </class> <!-- groupExecution.Test3 -->
      <class name="groupExecution.Test1">
        <test-method signature="tc1()[pri:0, instance:groupExecution.Test1@41fecb8b]" started-at="2023-05-19T10:57:58 IST" name="tc1" finished-at="2023-05-19T10:57:58 IST" duration-ms="4" status="PASS">
          <reporter-output>
          </reporter-output>
        </test-method> <!-- tc1 -->
        <test-method signature="tc2()[pri:0, instance:groupExecution.Test1@41fecb8b]" started-at="2023-05-19T10:57:58 IST" name="tc2" finished-at="2023-05-19T10:57:58 IST" duration-ms="2" status="PASS">
          <reporter-output>
          </reporter-output>
        </test-method> <!-- tc2 -->
      </class> <!-- groupExecution.Test1 -->
      <class name="groupExecution.Test2">
        <test-method signature="tc1()[pri:0, instance:groupExecution.Test2@51dcb805]" started-at="2023-05-19T10:57:58 IST" name="tc1" finished-at="2023-05-19T10:57:58 IST" duration-ms="3" status="PASS">
          <reporter-output>
          </reporter-output>
        </test-method> <!-- tc1 -->
      </class> <!-- groupExecution.Test2 -->
    </test> <!-- Test -->
  </suite> <!-- Suite -->
</testng-results>
